<?xml version="1.0" encoding="UTF-8"?>
<coverage generated="1576531267710" clover="3.2.0">
  <project timestamp="1576531267710" name="All files">
    <metrics statements="25" coveredstatements="22" conditionals="7" coveredconditionals="7" methods="13" coveredmethods="12" elements="45" coveredelements="41" complexity="0" loc="25" ncloc="25" packages="4" files="7" classes="7"/>
    <package name="src">
      <metrics statements="1" coveredstatements="1" conditionals="1" coveredconditionals="1" methods="1" coveredmethods="1"/>
      <file name="Root.js" path="/Users/vinicius.arruda/Projects/JestTests/src/Root.js">
        <metrics statements="1" coveredstatements="1" conditionals="1" coveredconditionals="1" methods="1" coveredmethods="1"/>
        <line num="7" count="5" type="stmt"/>
      </file>
    </package>
    <package name="src.screens.components">
      <metrics statements="18" coveredstatements="15" conditionals="3" coveredconditionals="3" methods="10" coveredmethods="9"/>
      <file name="CommentBox.js" path="/Users/vinicius.arruda/Projects/JestTests/src/screens/components/CommentBox.js">
        <metrics statements="9" coveredstatements="6" conditionals="3" coveredconditionals="3" methods="4" coveredmethods="3"/>
        <line num="8" count="2" type="stmt"/>
        <line num="9" count="5" type="stmt"/>
        <line num="11" count="5" type="stmt"/>
        <line num="12" count="0" type="stmt"/>
        <line num="14" count="0" type="stmt"/>
        <line num="16" count="0" type="stmt"/>
        <line num="19" count="5" type="stmt"/>
        <line num="26" count="1" type="stmt"/>
        <line num="36" count="4" type="stmt"/>
      </file>
      <file name="CommentList.js" path="/Users/vinicius.arruda/Projects/JestTests/src/screens/components/CommentList.js">
        <metrics statements="9" coveredstatements="9" conditionals="0" coveredconditionals="0" methods="6" coveredmethods="6"/>
        <line num="5" count="3" type="stmt"/>
        <line num="6" count="2" type="stmt"/>
        <line num="11" count="3" type="stmt"/>
        <line num="12" count="5" type="stmt"/>
        <line num="13" count="5" type="stmt"/>
        <line num="17" count="2" type="stmt"/>
        <line num="19" count="2" type="stmt"/>
        <line num="23" count="5" type="stmt"/>
        <line num="26" count="5" type="stmt"/>
      </file>
    </package>
    <package name="src.store">
      <metrics statements="0" coveredstatements="0" conditionals="0" coveredconditionals="0" methods="0" coveredmethods="0"/>
      <file name="index.js" path="/Users/vinicius.arruda/Projects/JestTests/src/store/index.js">
        <metrics statements="0" coveredstatements="0" conditionals="0" coveredconditionals="0" methods="0" coveredmethods="0"/>
      </file>
    </package>
    <package name="src.store.comments">
      <metrics statements="6" coveredstatements="6" conditionals="3" coveredconditionals="3" methods="2" coveredmethods="2"/>
      <file name="action-types.js" path="/Users/vinicius.arruda/Projects/JestTests/src/store/comments/action-types.js">
        <metrics statements="1" coveredstatements="1" conditionals="0" coveredconditionals="0" methods="0" coveredmethods="0"/>
        <line num="1" count="4" type="stmt"/>
      </file>
      <file name="actions.js" path="/Users/vinicius.arruda/Projects/JestTests/src/store/comments/actions.js">
        <metrics statements="1" coveredstatements="1" conditionals="0" coveredconditionals="0" methods="1" coveredmethods="1"/>
        <line num="4" count="2" type="stmt"/>
      </file>
      <file name="reducers.js" path="/Users/vinicius.arruda/Projects/JestTests/src/store/comments/reducers.js">
        <metrics statements="4" coveredstatements="4" conditionals="3" coveredconditionals="3" methods="1" coveredmethods="1"/>
        <line num="3" count="3" type="stmt"/>
        <line num="8" count="13" type="cond" truecount="2" falsecount="0"/>
        <line num="10" count="1" type="stmt"/>
        <line num="16" count="12" type="stmt"/>
      </file>
    </package>
  </project>
</coverage>
