{"/Users/vinicius.arruda/Projects/JestTests/src/Root.js": {"path":"/Users/vinicius.arruda/Projects/JestTests/src/Root.js","statementMap":{"0":{"start":{"line":7,"column":2},"end":{"line":9,"column":4}}},"fnMap":{"0":{"name":"(anonymous_0)","decl":{"start":{"line":6,"column":15},"end":{"line":6,"column":16}},"loc":{"start":{"line":6,"column":50},"end":{"line":10,"column":1}},"line":6}},"branchMap":{"0":{"loc":{"start":{"line":6,"column":27},"end":{"line":6,"column":44}},"type":"default-arg","locations":[{"start":{"line":6,"column":42},"end":{"line":6,"column":44}}],"line":6}},"s":{"0":5},"f":{"0":5},"b":{"0":[4]},"_coverageSchema":"43e27e138ebf9cfc5966b082cf9a028302ed4184","hash":"e96041d7ba4dd87514f8528bb3f6055c8bf76eb7"}
,"/Users/vinicius.arruda/Projects/JestTests/src/screens/components/CommentBox.js": {"path":"/Users/vinicius.arruda/Projects/JestTests/src/screens/components/CommentBox.js","statementMap":{"0":{"start":{"line":8,"column":19},"end":{"line":34,"column":1}},"1":{"start":{"line":9,"column":32},"end":{"line":9,"column":44}},"2":{"start":{"line":11,"column":23},"end":{"line":17,"column":3}},"3":{"start":{"line":12,"column":4},"end":{"line":12,"column":27}},"4":{"start":{"line":14,"column":4},"end":{"line":14,"column":25}},"5":{"start":{"line":16,"column":4},"end":{"line":16,"column":19}},"6":{"start":{"line":19,"column":2},"end":{"line":33,"column":4}},"7":{"start":{"line":26,"column":30},"end":{"line":26,"column":46}},"8":{"start":{"line":36,"column":24},"end":{"line":38,"column":2}},"9":{"start":{"line":36,"column":34},"end":{"line":38,"column":1}}},"fnMap":{"0":{"name":"(anonymous_0)","decl":{"start":{"line":8,"column":19},"end":{"line":8,"column":20}},"loc":{"start":{"line":8,"column":48},"end":{"line":34,"column":1}},"line":8},"1":{"name":"(anonymous_1)","decl":{"start":{"line":11,"column":23},"end":{"line":11,"column":24}},"loc":{"start":{"line":11,"column":32},"end":{"line":17,"column":3}},"line":11},"2":{"name":"(anonymous_2)","decl":{"start":{"line":26,"column":22},"end":{"line":26,"column":23}},"loc":{"start":{"line":26,"column":30},"end":{"line":26,"column":46}},"line":26},"3":{"name":"(anonymous_3)","decl":{"start":{"line":36,"column":24},"end":{"line":36,"column":25}},"loc":{"start":{"line":36,"column":34},"end":{"line":38,"column":1}},"line":36}},"branchMap":{"0":{"loc":{"start":{"line":31,"column":7},"end":{"line":31,"column":51}},"type":"binary-expr","locations":[{"start":{"line":31,"column":7},"end":{"line":31,"column":15}},{"start":{"line":31,"column":19},"end":{"line":31,"column":32}},{"start":{"line":31,"column":36},"end":{"line":31,"column":51}}],"line":31}},"s":{"0":2,"1":5,"2":5,"3":0,"4":0,"5":0,"6":5,"7":1,"8":2,"9":4},"f":{"0":5,"1":0,"2":1,"3":4},"b":{"0":[5,5,5]},"_coverageSchema":"43e27e138ebf9cfc5966b082cf9a028302ed4184","hash":"fb293f2879e0054b18efe53ec4bf2d862a2e292f"}
,"/Users/vinicius.arruda/Projects/JestTests/src/screens/components/CommentList.js": {"path":"/Users/vinicius.arruda/Projects/JestTests/src/screens/components/CommentList.js","statementMap":{"0":{"start":{"line":5,"column":20},"end":{"line":9,"column":1}},"1":{"start":{"line":6,"column":2},"end":{"line":8,"column":9}},"2":{"start":{"line":11,"column":20},"end":{"line":24,"column":1}},"3":{"start":{"line":12,"column":25},"end":{"line":21,"column":3}},"4":{"start":{"line":13,"column":4},"end":{"line":20,"column":6}},"5":{"start":{"line":17,"column":8},"end":{"line":17,"column":73}},"6":{"start":{"line":19,"column":31},"end":{"line":19,"column":38}},"7":{"start":{"line":23,"column":2},"end":{"line":23,"column":71}},"8":{"start":{"line":26,"column":24},"end":{"line":28,"column":2}},"9":{"start":{"line":26,"column":34},"end":{"line":28,"column":1}}},"fnMap":{"0":{"name":"(anonymous_0)","decl":{"start":{"line":5,"column":20},"end":{"line":5,"column":21}},"loc":{"start":{"line":6,"column":2},"end":{"line":8,"column":9}},"line":6},"1":{"name":"(anonymous_1)","decl":{"start":{"line":11,"column":20},"end":{"line":11,"column":21}},"loc":{"start":{"line":11,"column":44},"end":{"line":24,"column":1}},"line":11},"2":{"name":"(anonymous_2)","decl":{"start":{"line":12,"column":25},"end":{"line":12,"column":26}},"loc":{"start":{"line":13,"column":4},"end":{"line":20,"column":6}},"line":13},"3":{"name":"(anonymous_3)","decl":{"start":{"line":16,"column":18},"end":{"line":16,"column":19}},"loc":{"start":{"line":17,"column":8},"end":{"line":17,"column":73}},"line":17},"4":{"name":"(anonymous_4)","decl":{"start":{"line":19,"column":20},"end":{"line":19,"column":21}},"loc":{"start":{"line":19,"column":31},"end":{"line":19,"column":38}},"line":19},"5":{"name":"(anonymous_5)","decl":{"start":{"line":26,"column":24},"end":{"line":26,"column":25}},"loc":{"start":{"line":26,"column":34},"end":{"line":28,"column":1}},"line":26}},"branchMap":{},"s":{"0":3,"1":2,"2":3,"3":5,"4":5,"5":2,"6":2,"7":5,"8":3,"9":5},"f":{"0":2,"1":5,"2":5,"3":2,"4":2,"5":5},"b":{},"_coverageSchema":"43e27e138ebf9cfc5966b082cf9a028302ed4184","hash":"0055407a739222f04ca963e76e690255f22696d7"}
,"/Users/vinicius.arruda/Projects/JestTests/src/store/index.js": {"path":"/Users/vinicius.arruda/Projects/JestTests/src/store/index.js","statementMap":{},"fnMap":{},"branchMap":{},"s":{},"f":{},"b":{},"_coverageSchema":"43e27e138ebf9cfc5966b082cf9a028302ed4184","hash":"627f3ee1d8a662c6e7ed176f0dedb5aebb05de61"}
,"/Users/vinicius.arruda/Projects/JestTests/src/store/comments/action-types.js": {"path":"/Users/vinicius.arruda/Projects/JestTests/src/store/comments/action-types.js","statementMap":{"0":{"start":{"line":1,"column":28},"end":{"line":1,"column":42}}},"fnMap":{},"branchMap":{},"s":{"0":4},"f":{},"b":{},"_coverageSchema":"43e27e138ebf9cfc5966b082cf9a028302ed4184","hash":"45130a44ae74617d17f58a4fc4338cec4fe9faf1"}
,"/Users/vinicius.arruda/Projects/JestTests/src/store/comments/actions.js": {"path":"/Users/vinicius.arruda/Projects/JestTests/src/store/comments/actions.js","statementMap":{"0":{"start":{"line":4,"column":2},"end":{"line":7,"column":4}}},"fnMap":{"0":{"name":"saveComment","decl":{"start":{"line":3,"column":16},"end":{"line":3,"column":27}},"loc":{"start":{"line":3,"column":37},"end":{"line":8,"column":1}},"line":3}},"branchMap":{},"s":{"0":2},"f":{"0":2},"b":{},"_coverageSchema":"43e27e138ebf9cfc5966b082cf9a028302ed4184","hash":"8c6b525f29245f7e663249760786e19926342622"}
,"/Users/vinicius.arruda/Projects/JestTests/src/store/comments/reducers.js": {"path":"/Users/vinicius.arruda/Projects/JestTests/src/store/comments/reducers.js","statementMap":{"0":{"start":{"line":3,"column":22},"end":{"line":5,"column":1}},"1":{"start":{"line":8,"column":2},"end":{"line":17,"column":3}},"2":{"start":{"line":10,"column":6},"end":{"line":13,"column":8}},"3":{"start":{"line":16,"column":6},"end":{"line":16,"column":19}}},"fnMap":{"0":{"name":"(anonymous_0)","decl":{"start":{"line":7,"column":15},"end":{"line":7,"column":16}},"loc":{"start":{"line":7,"column":55},"end":{"line":18,"column":1}},"line":7}},"branchMap":{"0":{"loc":{"start":{"line":7,"column":24},"end":{"line":7,"column":45}},"type":"default-arg","locations":[{"start":{"line":7,"column":32},"end":{"line":7,"column":45}}],"line":7},"1":{"loc":{"start":{"line":8,"column":2},"end":{"line":17,"column":3}},"type":"switch","locations":[{"start":{"line":9,"column":4},"end":{"line":13,"column":8}},{"start":{"line":15,"column":4},"end":{"line":16,"column":19}}],"line":8}},"s":{"0":3,"1":13,"2":1,"3":12},"f":{"0":13},"b":{"0":[10],"1":[1,12]},"_coverageSchema":"43e27e138ebf9cfc5966b082cf9a028302ed4184","hash":"db55c2758513d326226c37d14423d40504b6c7df"}
}
