{"/Users/vinicius.arruda/Projects/JestTests/src/Root.js": {"path":"/Users/vinicius.arruda/Projects/JestTests/src/Root.js","statementMap":{"0":{"start":{"line":10,"column":25},"end":{"line":10,"column":47}},"1":{"start":{"line":12,"column":16},"end":{"line":16,"column":3}},"2":{"start":{"line":18,"column":2},"end":{"line":18,"column":28}},"3":{"start":{"line":20,"column":2},"end":{"line":20,"column":55}}},"fnMap":{"0":{"name":"(anonymous_0)","decl":{"start":{"line":9,"column":15},"end":{"line":9,"column":16}},"loc":{"start":{"line":9,"column":50},"end":{"line":21,"column":1}},"line":9}},"branchMap":{"0":{"loc":{"start":{"line":9,"column":27},"end":{"line":9,"column":44}},"type":"default-arg","locations":[{"start":{"line":9,"column":42},"end":{"line":9,"column":44}}],"line":9}},"s":{"0":5,"1":5,"2":5,"3":5},"f":{"0":5},"b":{"0":[4]},"_coverageSchema":"43e27e138ebf9cfc5966b082cf9a028302ed4184","hash":"fc3ea1fc95c759a24f8399b1d3eb14626c0fcf4c"}
,"/Users/vinicius.arruda/Projects/JestTests/src/ components/theme.js": {"path":"/Users/vinicius.arruda/Projects/JestTests/src/ components/theme.js","statementMap":{"0":{"start":{"line":1,"column":15},"end":{"line":9,"column":1}},"1":{"start":{"line":11,"column":16},"end":{"line":14,"column":1}},"2":{"start":{"line":16,"column":26},"end":{"line":24,"column":1}},"3":{"start":{"line":17,"column":15},"end":{"line":17,"column":33}},"4":{"start":{"line":18,"column":2},"end":{"line":22,"column":3}},"5":{"start":{"line":18,"column":15},"end":{"line":18,"column":16}},"6":{"start":{"line":19,"column":4},"end":{"line":21,"column":5}},"7":{"start":{"line":20,"column":6},"end":{"line":20,"column":29}},"8":{"start":{"line":23,"column":2},"end":{"line":23,"column":24}},"9":{"start":{"line":26,"column":14},"end":{"line":30,"column":1}}},"fnMap":{"0":{"name":"(anonymous_0)","decl":{"start":{"line":16,"column":26},"end":{"line":16,"column":27}},"loc":{"start":{"line":16,"column":35},"end":{"line":24,"column":1}},"line":16}},"branchMap":{"0":{"loc":{"start":{"line":19,"column":4},"end":{"line":21,"column":5}},"type":"if","locations":[{"start":{"line":19,"column":4},"end":{"line":21,"column":5}},{"start":{"line":19,"column":4},"end":{"line":21,"column":5}}],"line":19}},"s":{"0":3,"1":3,"2":3,"3":0,"4":0,"5":0,"6":0,"7":0,"8":0,"9":3},"f":{"0":0},"b":{"0":[0,0]},"_coverageSchema":"43e27e138ebf9cfc5966b082cf9a028302ed4184","hash":"96b439331471e89fe44cd24a08229f8c4f053f9c"}
,"/Users/vinicius.arruda/Projects/JestTests/src/ components/Button/index.js": {"path":"/Users/vinicius.arruda/Projects/JestTests/src/ components/Button/index.js","statementMap":{"0":{"start":{"line":6,"column":24},"end":{"line":12,"column":1}},"1":{"start":{"line":14,"column":19},"end":{"line":16,"column":1}},"2":{"start":{"line":18,"column":29},"end":{"line":22,"column":1}},"3":{"start":{"line":19,"column":2},"end":{"line":21,"column":20}}},"fnMap":{"0":{"name":"(anonymous_0)","decl":{"start":{"line":18,"column":29},"end":{"line":18,"column":30}},"loc":{"start":{"line":19,"column":2},"end":{"line":21,"column":20}},"line":19}},"branchMap":{},"s":{"0":2,"1":2,"2":2,"3":5},"f":{"0":5},"b":{},"_coverageSchema":"43e27e138ebf9cfc5966b082cf9a028302ed4184","hash":"80bb41afef116154cc97d31c2a6725849d587ab3"}
,"/Users/vinicius.arruda/Projects/JestTests/src/ components/Container/index.js": {"path":"/Users/vinicius.arruda/Projects/JestTests/src/ components/Container/index.js","statementMap":{"0":{"start":{"line":3,"column":25},"end":{"line":5,"column":1}}},"fnMap":{},"branchMap":{},"s":{"0":2},"f":{},"b":{},"_coverageSchema":"43e27e138ebf9cfc5966b082cf9a028302ed4184","hash":"0d47823e83655cc48f14988e0cf7cca9600a9be4"}
,"/Users/vinicius.arruda/Projects/JestTests/src/ components/Input/index.js": {"path":"/Users/vinicius.arruda/Projects/JestTests/src/ components/Input/index.js","statementMap":{"0":{"start":{"line":5,"column":25},"end":{"line":10,"column":1}}},"fnMap":{},"branchMap":{},"s":{"0":2},"f":{},"b":{},"_coverageSchema":"43e27e138ebf9cfc5966b082cf9a028302ed4184","hash":"db92833d1d57fea74c3e9fe2dd6dbd9251f11acc"}
,"/Users/vinicius.arruda/Projects/JestTests/src/ components/Typograph/index.js": {"path":"/Users/vinicius.arruda/Projects/JestTests/src/ components/Typograph/index.js","statementMap":{"0":{"start":{"line":5,"column":21},"end":{"line":9,"column":1}}},"fnMap":{},"branchMap":{},"s":{"0":2},"f":{},"b":{},"_coverageSchema":"43e27e138ebf9cfc5966b082cf9a028302ed4184","hash":"eea62b98fb8070c61078d536386aeadd3364cc42"}
,"/Users/vinicius.arruda/Projects/JestTests/src/providers/repos.provider.js": {"path":"/Users/vinicius.arruda/Projects/JestTests/src/providers/repos.provider.js","statementMap":{"0":{"start":{"line":7,"column":14},"end":{"line":7,"column":62}},"1":{"start":{"line":9,"column":2},"end":{"line":19,"column":3}},"2":{"start":{"line":10,"column":19},"end":{"line":10,"column":45}},"3":{"start":{"line":12,"column":4},"end":{"line":16,"column":5}},"4":{"start":{"line":13,"column":6},"end":{"line":13,"column":48}},"5":{"start":{"line":15,"column":6},"end":{"line":15,"column":30}},"6":{"start":{"line":18,"column":4},"end":{"line":18,"column":55}}},"fnMap":{"0":{"name":"fetchRepos","decl":{"start":{"line":6,"column":17},"end":{"line":6,"column":27}},"loc":{"start":{"line":6,"column":38},"end":{"line":20,"column":1}},"line":6}},"branchMap":{"0":{"loc":{"start":{"line":12,"column":4},"end":{"line":16,"column":5}},"type":"if","locations":[{"start":{"line":12,"column":4},"end":{"line":16,"column":5}},{"start":{"line":12,"column":4},"end":{"line":16,"column":5}}],"line":12},"1":{"loc":{"start":{"line":12,"column":8},"end":{"line":12,"column":31}},"type":"binary-expr","locations":[{"start":{"line":12,"column":8},"end":{"line":12,"column":12}},{"start":{"line":12,"column":16},"end":{"line":12,"column":31}}],"line":12},"2":{"loc":{"start":{"line":18,"column":38},"end":{"line":18,"column":52}},"type":"binary-expr","locations":[{"start":{"line":18,"column":38},"end":{"line":18,"column":47}},{"start":{"line":18,"column":51},"end":{"line":18,"column":52}}],"line":18}},"s":{"0":0,"1":0,"2":0,"3":0,"4":0,"5":0,"6":0},"f":{"0":0},"b":{"0":[0,0],"1":[0,0],"2":[0,0]},"_coverageSchema":"43e27e138ebf9cfc5966b082cf9a028302ed4184","hash":"8243e8c11354064dbe70e198d9ba7bb533a1b366"}
,"/Users/vinicius.arruda/Projects/JestTests/src/screens/Home/components/ReposBox.js": {"path":"/Users/vinicius.arruda/Projects/JestTests/src/screens/Home/components/ReposBox.js","statementMap":{"0":{"start":{"line":14,"column":19},"end":{"line":44,"column":1}},"1":{"start":{"line":15,"column":34},"end":{"line":15,"column":46}},"2":{"start":{"line":16,"column":26},"end":{"line":16,"column":47}},"3":{"start":{"line":17,"column":19},"end":{"line":17,"column":32}},"4":{"start":{"line":19,"column":23},"end":{"line":25,"column":3}},"5":{"start":{"line":20,"column":4},"end":{"line":20,"column":27}},"6":{"start":{"line":22,"column":4},"end":{"line":22,"column":38}},"7":{"start":{"line":24,"column":4},"end":{"line":24,"column":20}},"8":{"start":{"line":27,"column":2},"end":{"line":43,"column":4}},"9":{"start":{"line":33,"column":30},"end":{"line":33,"column":47}}},"fnMap":{"0":{"name":"(anonymous_0)","decl":{"start":{"line":14,"column":19},"end":{"line":14,"column":20}},"loc":{"start":{"line":14,"column":25},"end":{"line":44,"column":1}},"line":14},"1":{"name":"(anonymous_1)","decl":{"start":{"line":19,"column":23},"end":{"line":19,"column":24}},"loc":{"start":{"line":19,"column":32},"end":{"line":25,"column":3}},"line":19},"2":{"name":"(anonymous_2)","decl":{"start":{"line":33,"column":22},"end":{"line":33,"column":23}},"loc":{"start":{"line":33,"column":30},"end":{"line":33,"column":47}},"line":33}},"branchMap":{"0":{"loc":{"start":{"line":41,"column":7},"end":{"line":41,"column":75}},"type":"cond-expr","locations":[{"start":{"line":41,"column":32},"end":{"line":41,"column":57}},{"start":{"line":41,"column":60},"end":{"line":41,"column":75}}],"line":41},"1":{"loc":{"start":{"line":41,"column":7},"end":{"line":41,"column":29}},"type":"binary-expr","locations":[{"start":{"line":41,"column":7},"end":{"line":41,"column":14}},{"start":{"line":41,"column":18},"end":{"line":41,"column":29}}],"line":41}},"s":{"0":2,"1":5,"2":5,"3":5,"4":5,"5":0,"6":0,"7":0,"8":5,"9":1},"f":{"0":5,"1":0,"2":1},"b":{"0":[0,5],"1":[5,0]},"_coverageSchema":"43e27e138ebf9cfc5966b082cf9a028302ed4184","hash":"6499b67f811cabd341388eb68c4f9dc562bad3e2"}
,"/Users/vinicius.arruda/Projects/JestTests/src/screens/Home/components/ReposItem.js": {"path":"/Users/vinicius.arruda/Projects/JestTests/src/screens/Home/components/ReposItem.js","statementMap":{"0":{"start":{"line":6,"column":18},"end":{"line":12,"column":1}},"1":{"start":{"line":14,"column":15},"end":{"line":19,"column":1}},"2":{"start":{"line":21,"column":14},"end":{"line":25,"column":1}},"3":{"start":{"line":27,"column":18},"end":{"line":34,"column":1}},"4":{"start":{"line":28,"column":2},"end":{"line":33,"column":4}}},"fnMap":{"0":{"name":"(anonymous_0)","decl":{"start":{"line":27,"column":18},"end":{"line":27,"column":19}},"loc":{"start":{"line":27,"column":41},"end":{"line":34,"column":1}},"line":27}},"branchMap":{},"s":{"0":3,"1":3,"2":3,"3":3,"4":2},"f":{"0":2},"b":{},"_coverageSchema":"43e27e138ebf9cfc5966b082cf9a028302ed4184","hash":"6326b235d87d62c716e21488435c77bb390a773a"}
,"/Users/vinicius.arruda/Projects/JestTests/src/screens/Home/components/ReposList.js": {"path":"/Users/vinicius.arruda/Projects/JestTests/src/screens/Home/components/ReposList.js","statementMap":{"0":{"start":{"line":9,"column":20},"end":{"line":22,"column":1}},"1":{"start":{"line":10,"column":17},"end":{"line":10,"column":38}},"2":{"start":{"line":12,"column":25},"end":{"line":19,"column":3}},"3":{"start":{"line":13,"column":4},"end":{"line":18,"column":6}},"4":{"start":{"line":16,"column":30},"end":{"line":16,"column":53}},"5":{"start":{"line":17,"column":28},"end":{"line":17,"column":35}},"6":{"start":{"line":21,"column":2},"end":{"line":21,"column":41}}},"fnMap":{"0":{"name":"(anonymous_0)","decl":{"start":{"line":9,"column":20},"end":{"line":9,"column":21}},"loc":{"start":{"line":9,"column":26},"end":{"line":22,"column":1}},"line":9},"1":{"name":"(anonymous_1)","decl":{"start":{"line":12,"column":25},"end":{"line":12,"column":26}},"loc":{"start":{"line":13,"column":4},"end":{"line":18,"column":6}},"line":13},"2":{"name":"(anonymous_2)","decl":{"start":{"line":16,"column":18},"end":{"line":16,"column":19}},"loc":{"start":{"line":16,"column":30},"end":{"line":16,"column":53}},"line":16},"3":{"name":"(anonymous_3)","decl":{"start":{"line":17,"column":20},"end":{"line":17,"column":21}},"loc":{"start":{"line":17,"column":28},"end":{"line":17,"column":35}},"line":17}},"branchMap":{},"s":{"0":3,"1":6,"2":6,"3":6,"4":2,"5":2,"6":6},"f":{"0":6,"1":6,"2":2,"3":2},"b":{},"_coverageSchema":"43e27e138ebf9cfc5966b082cf9a028302ed4184","hash":"7a56680910abff581f2ada7d1f36cfd337062998"}
,"/Users/vinicius.arruda/Projects/JestTests/src/store/index.js": {"path":"/Users/vinicius.arruda/Projects/JestTests/src/store/index.js","statementMap":{},"fnMap":{},"branchMap":{},"s":{},"f":{},"b":{},"_coverageSchema":"43e27e138ebf9cfc5966b082cf9a028302ed4184","hash":"627f3ee1d8a662c6e7ed176f0dedb5aebb05de61"}
,"/Users/vinicius.arruda/Projects/JestTests/src/store/sagas.js": {"path":"/Users/vinicius.arruda/Projects/JestTests/src/store/sagas.js","statementMap":{"0":{"start":{"line":7,"column":2},"end":{"line":7,"column":23}}},"fnMap":{"0":{"name":"rootSaga","decl":{"start":{"line":6,"column":25},"end":{"line":6,"column":33}},"loc":{"start":{"line":6,"column":36},"end":{"line":8,"column":1}},"line":6}},"branchMap":{},"s":{"0":5},"f":{"0":5},"b":{},"_coverageSchema":"43e27e138ebf9cfc5966b082cf9a028302ed4184","hash":"8c5173836714c75ebeae597bded8816810e585e5"}
,"/Users/vinicius.arruda/Projects/JestTests/src/store/comments/action-types.js": {"path":"/Users/vinicius.arruda/Projects/JestTests/src/store/comments/action-types.js","statementMap":{"0":{"start":{"line":1,"column":28},"end":{"line":1,"column":42}},"1":{"start":{"line":3,"column":30},"end":{"line":3,"column":55}},"2":{"start":{"line":4,"column":28},"end":{"line":4,"column":51}},"3":{"start":{"line":5,"column":27},"end":{"line":5,"column":49}}},"fnMap":{},"branchMap":{},"s":{"0":4,"1":4,"2":4,"3":4},"f":{},"b":{},"_coverageSchema":"43e27e138ebf9cfc5966b082cf9a028302ed4184","hash":"49e0b171ee393ab163ad0c6a0d44ffd6f92cae67"}
,"/Users/vinicius.arruda/Projects/JestTests/src/store/comments/actions.js": {"path":"/Users/vinicius.arruda/Projects/JestTests/src/store/comments/actions.js","statementMap":{"0":{"start":{"line":9,"column":2},"end":{"line":12,"column":4}},"1":{"start":{"line":15,"column":29},"end":{"line":17,"column":2}},"2":{"start":{"line":15,"column":36},"end":{"line":17,"column":1}},"3":{"start":{"line":19,"column":27},"end":{"line":22,"column":2}},"4":{"start":{"line":19,"column":39},"end":{"line":22,"column":1}},"5":{"start":{"line":24,"column":26},"end":{"line":27,"column":2}},"6":{"start":{"line":24,"column":36},"end":{"line":27,"column":1}}},"fnMap":{"0":{"name":"saveComment","decl":{"start":{"line":8,"column":16},"end":{"line":8,"column":27}},"loc":{"start":{"line":8,"column":37},"end":{"line":13,"column":1}},"line":8},"1":{"name":"(anonymous_1)","decl":{"start":{"line":15,"column":29},"end":{"line":15,"column":30}},"loc":{"start":{"line":15,"column":36},"end":{"line":17,"column":1}},"line":15},"2":{"name":"(anonymous_2)","decl":{"start":{"line":19,"column":27},"end":{"line":19,"column":28}},"loc":{"start":{"line":19,"column":39},"end":{"line":22,"column":1}},"line":19},"3":{"name":"(anonymous_3)","decl":{"start":{"line":24,"column":26},"end":{"line":24,"column":27}},"loc":{"start":{"line":24,"column":36},"end":{"line":27,"column":1}},"line":24}},"branchMap":{},"s":{"0":2,"1":1,"2":0,"3":1,"4":0,"5":1,"6":0},"f":{"0":2,"1":0,"2":0,"3":0},"b":{},"_coverageSchema":"43e27e138ebf9cfc5966b082cf9a028302ed4184","hash":"3b2f26dc0b87b537cfa5a39940f46058025249a5"}
,"/Users/vinicius.arruda/Projects/JestTests/src/store/comments/reducers.js": {"path":"/Users/vinicius.arruda/Projects/JestTests/src/store/comments/reducers.js","statementMap":{"0":{"start":{"line":8,"column":22},"end":{"line":13,"column":1}},"1":{"start":{"line":16,"column":2},"end":{"line":41,"column":3}},"2":{"start":{"line":18,"column":6},"end":{"line":21,"column":8}},"3":{"start":{"line":23,"column":6},"end":{"line":27,"column":8}},"4":{"start":{"line":29,"column":6},"end":{"line":32,"column":8}},"5":{"start":{"line":34,"column":6},"end":{"line":38,"column":8}},"6":{"start":{"line":40,"column":6},"end":{"line":40,"column":19}}},"fnMap":{"0":{"name":"(anonymous_0)","decl":{"start":{"line":15,"column":15},"end":{"line":15,"column":16}},"loc":{"start":{"line":15,"column":55},"end":{"line":42,"column":1}},"line":15}},"branchMap":{"0":{"loc":{"start":{"line":15,"column":24},"end":{"line":15,"column":45}},"type":"default-arg","locations":[{"start":{"line":15,"column":32},"end":{"line":15,"column":45}}],"line":15},"1":{"loc":{"start":{"line":16,"column":2},"end":{"line":41,"column":3}},"type":"switch","locations":[{"start":{"line":17,"column":4},"end":{"line":21,"column":8}},{"start":{"line":22,"column":4},"end":{"line":27,"column":8}},{"start":{"line":28,"column":4},"end":{"line":32,"column":8}},{"start":{"line":33,"column":4},"end":{"line":38,"column":8}},{"start":{"line":39,"column":4},"end":{"line":40,"column":19}}],"line":16}},"s":{"0":3,"1":13,"2":1,"3":0,"4":0,"5":0,"6":12},"f":{"0":13},"b":{"0":[11],"1":[1,0,0,0,12]},"_coverageSchema":"43e27e138ebf9cfc5966b082cf9a028302ed4184","hash":"457f213d44394a796a5c79321f4a255f2c79dd4c"}
,"/Users/vinicius.arruda/Projects/JestTests/src/store/repos/action-types.js": {"path":"/Users/vinicius.arruda/Projects/JestTests/src/store/repos/action-types.js","statementMap":{"0":{"start":{"line":1,"column":30},"end":{"line":1,"column":52}},"1":{"start":{"line":2,"column":28},"end":{"line":2,"column":48}},"2":{"start":{"line":3,"column":27},"end":{"line":3,"column":46}}},"fnMap":{},"branchMap":{},"s":{"0":3,"1":3,"2":3},"f":{},"b":{},"_coverageSchema":"43e27e138ebf9cfc5966b082cf9a028302ed4184","hash":"7b73a2a190eb876f8e193737960b26b815d97fa4"}
,"/Users/vinicius.arruda/Projects/JestTests/src/store/repos/actions.js": {"path":"/Users/vinicius.arruda/Projects/JestTests/src/store/repos/actions.js","statementMap":{"0":{"start":{"line":3,"column":29},"end":{"line":6,"column":2}},"1":{"start":{"line":3,"column":42},"end":{"line":6,"column":1}},"2":{"start":{"line":8,"column":27},"end":{"line":11,"column":2}},"3":{"start":{"line":8,"column":39},"end":{"line":11,"column":1}},"4":{"start":{"line":13,"column":26},"end":{"line":16,"column":2}},"5":{"start":{"line":13,"column":36},"end":{"line":16,"column":1}}},"fnMap":{"0":{"name":"(anonymous_0)","decl":{"start":{"line":3,"column":29},"end":{"line":3,"column":30}},"loc":{"start":{"line":3,"column":42},"end":{"line":6,"column":1}},"line":3},"1":{"name":"(anonymous_1)","decl":{"start":{"line":8,"column":27},"end":{"line":8,"column":28}},"loc":{"start":{"line":8,"column":39},"end":{"line":11,"column":1}},"line":8},"2":{"name":"(anonymous_2)","decl":{"start":{"line":13,"column":26},"end":{"line":13,"column":27}},"loc":{"start":{"line":13,"column":36},"end":{"line":16,"column":1}},"line":13}},"branchMap":{},"s":{"0":3,"1":0,"2":3,"3":0,"4":3,"5":0},"f":{"0":0,"1":0,"2":0},"b":{},"_coverageSchema":"43e27e138ebf9cfc5966b082cf9a028302ed4184","hash":"bf7609571c6445644d1243a2d0078729c1a1ddda"}
,"/Users/vinicius.arruda/Projects/JestTests/src/store/repos/reducers.js": {"path":"/Users/vinicius.arruda/Projects/JestTests/src/store/repos/reducers.js","statementMap":{"0":{"start":{"line":3,"column":22},"end":{"line":7,"column":1}},"1":{"start":{"line":10,"column":2},"end":{"line":30,"column":3}},"2":{"start":{"line":12,"column":6},"end":{"line":16,"column":8}},"3":{"start":{"line":18,"column":6},"end":{"line":21,"column":8}},"4":{"start":{"line":23,"column":6},"end":{"line":27,"column":8}},"5":{"start":{"line":29,"column":6},"end":{"line":29,"column":19}}},"fnMap":{"0":{"name":"(anonymous_0)","decl":{"start":{"line":9,"column":15},"end":{"line":9,"column":16}},"loc":{"start":{"line":9,"column":55},"end":{"line":31,"column":1}},"line":9}},"branchMap":{"0":{"loc":{"start":{"line":9,"column":24},"end":{"line":9,"column":45}},"type":"default-arg","locations":[{"start":{"line":9,"column":32},"end":{"line":9,"column":45}}],"line":9},"1":{"loc":{"start":{"line":10,"column":2},"end":{"line":30,"column":3}},"type":"switch","locations":[{"start":{"line":11,"column":4},"end":{"line":16,"column":8}},{"start":{"line":17,"column":4},"end":{"line":21,"column":8}},{"start":{"line":22,"column":4},"end":{"line":27,"column":8}},{"start":{"line":28,"column":4},"end":{"line":29,"column":19}}],"line":10}},"s":{"0":3,"1":11,"2":0,"3":0,"4":0,"5":11},"f":{"0":11},"b":{"0":[10],"1":[0,0,0,11]},"_coverageSchema":"43e27e138ebf9cfc5966b082cf9a028302ed4184","hash":"e0bc0371647e423e3f8b19a1bfdaab56b790ffac"}
,"/Users/vinicius.arruda/Projects/JestTests/src/store/repos/sagas.js": {"path":"/Users/vinicius.arruda/Projects/JestTests/src/store/repos/sagas.js","statementMap":{"0":{"start":{"line":6,"column":2},"end":{"line":6,"column":35}},"1":{"start":{"line":11,"column":2},"end":{"line":11,"column":45}},"2":{"start":{"line":15,"column":2},"end":{"line":15,"column":28}}},"fnMap":{"0":{"name":"loadRepos","decl":{"start":{"line":5,"column":10},"end":{"line":5,"column":19}},"loc":{"start":{"line":5,"column":32},"end":{"line":7,"column":1}},"line":5},"1":{"name":"watchRepos","decl":{"start":{"line":10,"column":10},"end":{"line":10,"column":20}},"loc":{"start":{"line":10,"column":23},"end":{"line":12,"column":1}},"line":10},"2":{"name":"root","decl":{"start":{"line":14,"column":25},"end":{"line":14,"column":29}},"loc":{"start":{"line":14,"column":32},"end":{"line":16,"column":1}},"line":14}},"branchMap":{},"s":{"0":0,"1":5,"2":5},"f":{"0":0,"1":5,"2":5},"b":{},"_coverageSchema":"43e27e138ebf9cfc5966b082cf9a028302ed4184","hash":"6a6055e8648b2e8f3632d458e8c5e7e9f363ae70"}
,"/Users/vinicius.arruda/Projects/JestTests/src/store/repos/selectors.js": {"path":"/Users/vinicius.arruda/Projects/JestTests/src/store/repos/selectors.js","statementMap":{"0":{"start":{"line":1,"column":24},"end":{"line":1,"column":44}},"1":{"start":{"line":1,"column":33},"end":{"line":1,"column":44}}},"fnMap":{"0":{"name":"(anonymous_0)","decl":{"start":{"line":1,"column":24},"end":{"line":1,"column":25}},"loc":{"start":{"line":1,"column":33},"end":{"line":1,"column":44}},"line":1}},"branchMap":{},"s":{"0":3,"1":18},"f":{"0":18},"b":{},"_coverageSchema":"43e27e138ebf9cfc5966b082cf9a028302ed4184","hash":"0cbf81f6bb0e337e9672340df580c02db5cca897"}
}
