TN:
SF:/Users/vinicius.arruda/Projects/JestTests/src/Root.js
FN:9,(anonymous_0)
FNF:1
FNH:1
FNDA:5,(anonymous_0)
DA:10,5
DA:12,5
DA:18,5
DA:20,5
LF:4
LH:4
BRDA:9,0,0,4
BRF:1
BRH:1
end_of_record
TN:
SF:/Users/vinicius.arruda/Projects/JestTests/src/ components/theme.js
FN:16,(anonymous_0)
FNF:1
FNH:0
FNDA:0,(anonymous_0)
DA:1,3
DA:11,3
DA:16,3
DA:17,0
DA:18,0
DA:19,0
DA:20,0
DA:23,0
DA:26,3
LF:9
LH:4
BRDA:19,0,0,0
BRDA:19,0,1,0
BRF:2
BRH:0
end_of_record
TN:
SF:/Users/vinicius.arruda/Projects/JestTests/src/ components/Button/index.js
FN:18,(anonymous_0)
FNF:1
FNH:1
FNDA:5,(anonymous_0)
DA:6,2
DA:14,2
DA:18,2
DA:19,5
LF:4
LH:4
BRF:0
BRH:0
end_of_record
TN:
SF:/Users/vinicius.arruda/Projects/JestTests/src/ components/Container/index.js
FNF:0
FNH:0
DA:3,2
LF:1
LH:1
BRF:0
BRH:0
end_of_record
TN:
SF:/Users/vinicius.arruda/Projects/JestTests/src/ components/Input/index.js
FNF:0
FNH:0
DA:5,2
LF:1
LH:1
BRF:0
BRH:0
end_of_record
TN:
SF:/Users/vinicius.arruda/Projects/JestTests/src/ components/Typograph/index.js
FNF:0
FNH:0
DA:5,2
LF:1
LH:1
BRF:0
BRH:0
end_of_record
TN:
SF:/Users/vinicius.arruda/Projects/JestTests/src/providers/repos.provider.js
FN:6,fetchRepos
FNF:1
FNH:0
FNDA:0,fetchRepos
DA:7,0
DA:9,0
DA:10,0
DA:12,0
DA:13,0
DA:15,0
DA:18,0
LF:7
LH:0
BRDA:12,0,0,0
BRDA:12,0,1,0
BRDA:12,1,0,0
BRDA:12,1,1,0
BRDA:18,2,0,0
BRDA:18,2,1,0
BRF:6
BRH:0
end_of_record
TN:
SF:/Users/vinicius.arruda/Projects/JestTests/src/screens/Home/components/ReposBox.js
FN:14,(anonymous_0)
FN:19,(anonymous_1)
FN:33,(anonymous_2)
FNF:3
FNH:2
FNDA:5,(anonymous_0)
FNDA:0,(anonymous_1)
FNDA:1,(anonymous_2)
DA:14,2
DA:15,5
DA:16,5
DA:17,5
DA:19,5
DA:20,0
DA:22,0
DA:24,0
DA:27,5
DA:33,1
LF:10
LH:7
BRDA:41,0,0,0
BRDA:41,0,1,5
BRDA:41,1,0,5
BRDA:41,1,1,0
BRF:4
BRH:2
end_of_record
TN:
SF:/Users/vinicius.arruda/Projects/JestTests/src/screens/Home/components/ReposItem.js
FN:27,(anonymous_0)
FNF:1
FNH:1
FNDA:2,(anonymous_0)
DA:6,3
DA:14,3
DA:21,3
DA:27,3
DA:28,2
LF:5
LH:5
BRF:0
BRH:0
end_of_record
TN:
SF:/Users/vinicius.arruda/Projects/JestTests/src/screens/Home/components/ReposList.js
FN:9,(anonymous_0)
FN:12,(anonymous_1)
FN:16,(anonymous_2)
FN:17,(anonymous_3)
FNF:4
FNH:4
FNDA:6,(anonymous_0)
FNDA:6,(anonymous_1)
FNDA:2,(anonymous_2)
FNDA:2,(anonymous_3)
DA:9,3
DA:10,6
DA:12,6
DA:13,6
DA:16,2
DA:17,2
DA:21,6
LF:7
LH:7
BRF:0
BRH:0
end_of_record
TN:
SF:/Users/vinicius.arruda/Projects/JestTests/src/store/index.js
FNF:0
FNH:0
LF:0
LH:0
BRF:0
BRH:0
end_of_record
TN:
SF:/Users/vinicius.arruda/Projects/JestTests/src/store/sagas.js
FN:6,rootSaga
FNF:1
FNH:1
FNDA:5,rootSaga
DA:7,5
LF:1
LH:1
BRF:0
BRH:0
end_of_record
TN:
SF:/Users/vinicius.arruda/Projects/JestTests/src/store/comments/action-types.js
FNF:0
FNH:0
DA:1,4
DA:3,4
DA:4,4
DA:5,4
LF:4
LH:4
BRF:0
BRH:0
end_of_record
TN:
SF:/Users/vinicius.arruda/Projects/JestTests/src/store/comments/actions.js
FN:8,saveComment
FN:15,(anonymous_1)
FN:19,(anonymous_2)
FN:24,(anonymous_3)
FNF:4
FNH:1
FNDA:2,saveComment
FNDA:0,(anonymous_1)
FNDA:0,(anonymous_2)
FNDA:0,(anonymous_3)
DA:9,2
DA:15,1
DA:19,1
DA:24,1
LF:4
LH:4
BRF:0
BRH:0
end_of_record
TN:
SF:/Users/vinicius.arruda/Projects/JestTests/src/store/comments/reducers.js
FN:15,(anonymous_0)
FNF:1
FNH:1
FNDA:13,(anonymous_0)
DA:8,3
DA:16,13
DA:18,1
DA:23,0
DA:29,0
DA:34,0
DA:40,12
LF:7
LH:4
BRDA:15,0,0,11
BRDA:16,1,0,1
BRDA:16,1,1,0
BRDA:16,1,2,0
BRDA:16,1,3,0
BRDA:16,1,4,12
BRF:6
BRH:3
end_of_record
TN:
SF:/Users/vinicius.arruda/Projects/JestTests/src/store/repos/action-types.js
FNF:0
FNH:0
DA:1,3
DA:2,3
DA:3,3
LF:3
LH:3
BRF:0
BRH:0
end_of_record
TN:
SF:/Users/vinicius.arruda/Projects/JestTests/src/store/repos/actions.js
FN:3,(anonymous_0)
FN:8,(anonymous_1)
FN:13,(anonymous_2)
FNF:3
FNH:0
FNDA:0,(anonymous_0)
FNDA:0,(anonymous_1)
FNDA:0,(anonymous_2)
DA:3,3
DA:8,3
DA:13,3
LF:3
LH:3
BRF:0
BRH:0
end_of_record
TN:
SF:/Users/vinicius.arruda/Projects/JestTests/src/store/repos/reducers.js
FN:9,(anonymous_0)
FNF:1
FNH:1
FNDA:11,(anonymous_0)
DA:3,3
DA:10,11
DA:12,0
DA:18,0
DA:23,0
DA:29,11
LF:6
LH:3
BRDA:9,0,0,10
BRDA:10,1,0,0
BRDA:10,1,1,0
BRDA:10,1,2,0
BRDA:10,1,3,11
BRF:5
BRH:2
end_of_record
TN:
SF:/Users/vinicius.arruda/Projects/JestTests/src/store/repos/sagas.js
FN:5,loadRepos
FN:10,watchRepos
FN:14,root
FNF:3
FNH:2
FNDA:0,loadRepos
FNDA:5,watchRepos
FNDA:5,root
DA:6,0
DA:11,5
DA:15,5
LF:3
LH:2
BRF:0
BRH:0
end_of_record
TN:
SF:/Users/vinicius.arruda/Projects/JestTests/src/store/repos/selectors.js
FN:1,(anonymous_0)
FNF:1
FNH:1
FNDA:18,(anonymous_0)
DA:1,18
LF:1
LH:1
BRF:0
BRH:0
end_of_record
