TN:
SF:/Users/vinicius.arruda/Projects/JestTests/src/Root.js
FN:6,(anonymous_0)
FNF:1
FNH:1
FNDA:5,(anonymous_0)
DA:7,5
LF:1
LH:1
BRDA:6,0,0,4
BRF:1
BRH:1
end_of_record
TN:
SF:/Users/vinicius.arruda/Projects/JestTests/src/screens/components/CommentBox.js
FN:8,(anonymous_0)
FN:11,(anonymous_1)
FN:26,(anonymous_2)
FN:36,(anonymous_3)
FNF:4
FNH:3
FNDA:5,(anonymous_0)
FNDA:0,(anonymous_1)
FNDA:1,(anonymous_2)
FNDA:4,(anonymous_3)
DA:8,2
DA:9,5
DA:11,5
DA:12,0
DA:14,0
DA:16,0
DA:19,5
DA:26,1
DA:36,4
LF:9
LH:6
BRDA:31,0,0,5
BRDA:31,0,1,5
BRDA:31,0,2,5
BRF:3
BRH:3
end_of_record
TN:
SF:/Users/vinicius.arruda/Projects/JestTests/src/screens/components/CommentList.js
FN:5,(anonymous_0)
FN:11,(anonymous_1)
FN:12,(anonymous_2)
FN:16,(anonymous_3)
FN:19,(anonymous_4)
FN:26,(anonymous_5)
FNF:6
FNH:6
FNDA:2,(anonymous_0)
FNDA:5,(anonymous_1)
FNDA:5,(anonymous_2)
FNDA:2,(anonymous_3)
FNDA:2,(anonymous_4)
FNDA:5,(anonymous_5)
DA:5,3
DA:6,2
DA:11,3
DA:12,5
DA:13,5
DA:17,2
DA:19,2
DA:23,5
DA:26,5
LF:9
LH:9
BRF:0
BRH:0
end_of_record
TN:
SF:/Users/vinicius.arruda/Projects/JestTests/src/store/index.js
FNF:0
FNH:0
LF:0
LH:0
BRF:0
BRH:0
end_of_record
TN:
SF:/Users/vinicius.arruda/Projects/JestTests/src/store/comments/action-types.js
FNF:0
FNH:0
DA:1,4
LF:1
LH:1
BRF:0
BRH:0
end_of_record
TN:
SF:/Users/vinicius.arruda/Projects/JestTests/src/store/comments/actions.js
FN:3,saveComment
FNF:1
FNH:1
FNDA:2,saveComment
DA:4,2
LF:1
LH:1
BRF:0
BRH:0
end_of_record
TN:
SF:/Users/vinicius.arruda/Projects/JestTests/src/store/comments/reducers.js
FN:7,(anonymous_0)
FNF:1
FNH:1
FNDA:13,(anonymous_0)
DA:3,3
DA:8,13
DA:10,1
DA:16,12
LF:4
LH:4
BRDA:7,0,0,10
BRDA:8,1,0,1
BRDA:8,1,1,12
BRF:3
BRH:3
end_of_record
